<?xml version="1.0" encoding="UTF-8" ?>
<testsuite errors="0" skipped="0" tests="13" time="0.032" failures="0" name="org.linuxstuff.hatch.TestHatchTimer">
  <properties>
[...]
</properties>
  <testcase classname="org.linuxstuff.hatch.TestHatchTimer" time="0.007" name="testSimple"/>
  <testcase classname="org.linuxstuff.hatch.TestHatchTimer" time="0" name="testSimpleFixed"/>
  <testcase classname="org.linuxstuff.hatch.TestHatchTimer" time="0" name="testStateOff"/>
  <testcase classname="org.linuxstuff.hatch.TestHatchTimer" time="0.001" name="testStateByRequestWithoutRequest"/>
  <testcase classname="org.linuxstuff.hatch.TestHatchTimer" time="0.001" name="testStateByRequestWithRequest"/>
  <testcase classname="org.linuxstuff.hatch.TestHatchTimer" time="0.001" name="testIgnoredByRequest"/>
  <testcase classname="org.linuxstuff.hatch.TestHatchTimer" time="0.001" name="testStateByRequestWithDelayedRequest"/>
  <testcase classname="org.linuxstuff.hatch.TestHatchTimer" time="0" name="testLateOff"/>
  <testcase classname="org.linuxstuff.hatch.TestHatchTimer" time="0" name="testThreadSpecificLogger"/>
  <testcase classname="org.linuxstuff.hatch.TestHatchTimer" time="0" name="testGlobalLogger"/>
  <testcase classname="org.linuxstuff.hatch.TestHatchTimer" time="0" name="testSmallStack"/>
  <testcase classname="org.linuxstuff.hatch.TestHatchTimer" time="0.001" name="testLoud2"/>
  <testcase classname="org.linuxstuff.hatch.TestHatchTimer" time="0.001" name="testSimpleLoop"/>
</testsuite>